[    0.000000] Linux version 4.15.0-45-generic (buildd@lgw01-amd64-031) (gcc version 7.3.0 (Ubuntu 7.3.0-16ubuntu3)) #48-Ubuntu SMP Tue Jan 29 16:28:13 UTC 2019 (Ubuntu 4.15.0-45.48-generic 4.15.18)
[    0.000000] Command line: BOOT_IMAGE=/boot/vmlinuz-4.15.0-45-generic root=UUID=3af52e5d-5bb6-4b83-b764-17fee713af99 ro console=tty1 console=ttyS0
[    0000000] KERNEL supportd cpus:
[    0.000000]   Intel GenuineInttel
[    0.000000]   AMD AuthenticAMD
[    0.000000]   Centaur CentaurHauls
[    0.000000] x86/fpu: Supporting XSAVE feature 0x001: 'x87 floating pont registers'
[    0.000000] x86/fpu: Supporting XSAVE feature 0x002: 'SSE registers'
[    0.000000] x86/fpu: Supporting XSAVE feature 0x004: 'AVX registers'
[    0.000000] x86/fpu: xstate_offset[2]:  576, xstate_sizes[2]:  256
[    0.000000] x86/fpu: Enabled xstate features 0x7, context size is 832 bytes, using 'standard' format.
[    0.000000] e820: BIOS-provided physical RAM map:
[    0.00000] BIOS-e820: [mem 0x000000000000000-0x000000000009fbf] usable
[    0.000000] BIOS-e80: [mem 0x000000000009fc00-0x000000000009ffff] reserved
[    0.000000] BIOS-e820: [mem 0x00000000000f0000-0x00000000000fffff] reserved
[    0.000000] BIOS-e820: [mem 0x0000000000100000-0x000000003ffeffff] usable
[    0.00000] BOS-e820: [mem 0x000000003fff0000-0x000000003fffffff] ACPI data
[    0.000000] BIOS-e820: [mem 0x00000000fec00000-0x00000000fec00fff]reserve
[    0.000000] BIOS-e820: [mem 0x00000000fee0000-0x00000000fee00fff] reserved
[    0.000000] BIOS-e820: [mem 0x00000000fffc0000-0x00000000ffffffff] reserved
[    0.000000] NX (Execute Disable) protection: active
[    0.000000] SMBIOS 2.5 present.
[    0.000000] DMI: innotek GmbH VirtualBox/VirtualBox, BIOS VirtualBox 12/01/2006
[    0.000000] Hypervisor detected: KVM
[    0.000000] e820: last_pfn = 0x3fff0 max_arch_pfn = 0x400000000
[    0.000000] MTRR: Disabled
[    0.000000] x86/PAT: MTRRs disabled, skipping PAT initialization too.
[    0.000000] CPU MTRRs all blank - virtualized system.
[    0.000000] x86/PAT: Configuration [0-7]: WB  WT  UC- UC  WB  WT  UC- UC  
[    0.000000] found SMP MP-table at [mem 0x0009fff0-0x0009ffff] mapped at [        (ptrval)]
[    0.000000] Scanning 1 areas for low memory corruption
[    0.000000] RAMDISK: [mem 0x359d5000-0x36ce1fff]
[    0.000000] ACPI: Early table checksum verification disbled
[    0.000000] ACPI: RSDP 0x00000000000E0000 000024 (v02 VBOX  )
[    0.000000] ACPI: XSDT 0x000000003FFF0030 00003C (v01 VBOX   VBOXXSDT 00000001 ASL  00000061)
[    0.000000] ACPI: FACP 0x000000003FFF00F0 0000F4 (v04 VBOX   VBOXFACP 00000001 ASL  00000061)
[    0.000000] ACPI: DSDT 0x000000003FFF0470 0021FF (v02 VBOX   VBOXBIOS 00000002 INTL 20100528)
[    0.000000] ACPI: FACS 0x000000003FFF0200 000040
[    0.000000] ACPI: FACS 0x000000003FFF0200 000040
[    0.000000] ACPI: APIC 0x000000003FFF0240 00005C (v02 VBOX   VBOXAPIC 00000001 ASL  00000061)
[    0.000000] ACPI: SSD 0x000000003FFF0A0 0001CC (v01 VBOX   VBOXCPUT 00000002 INTL 20100528)
[    0.000000] No NUMA configuation found
[    0.000000] Faking a node at [mem 0x0000000000000000-0x000000003ffeffff]
[    0.000000] NODE_DATA(0) allocated [mem 0x3ffc5000-0x3ffeffff]
[    0.000000] kvm-clock: cpu 0, msr 0:3ff44001, primary cpu clock
[    0.000000]kvm-clocck: Using msrs 4564d01 and 4b564d00
[    0.00000] kvm-clock: using sched offset of 7624668127 cycles
[    0.000000] clocksource: kvm-clock: mask: 0xffffffffffffffff max_cycles: 0x1cd42e4dff, max_idle_ns: 881590591483 ns
[    0.000000] Zoneanges:
[    0.000000]   DMA      [mem 0x0000000000001000-0x0000000000ffffff]
[    0.000000]   DMA32    [mem 0x0000000001000000-0x000000003ffeffff]
[    0.000000]   Normal   empty
[    0.000000]   Device   empty
[    0.000000] Movable zone start for each node
[    0.000000] Early memory node ranges
[    0.000000]   node   0: [mem 0x0000000000001000-0x000000000009efff]
[    0.000000]   node   0: [mem 0x0000000000100000-0x000000003ffeffff]
[    0.000000] Reserved but unavailable: 114 pages
[    0.000000] Initmem setup node 0 [mem 0x0000000000001000-0x000000003ffeffff]
[    0.000000] ACPI: PM-Timer IO Port: 0x4008
[    0.000000] IOAPIC[0]: apic_id 2, version 32, address 0xfec00000, GSI 0-23
[    0.000000] ACPI: IN_SRC_OVR (bus 0 bus_irq 0 global_irq 2 dfl dfl)
[    0.000000] ACPI: INT_SRC_OVR (bus 0 bus_irq 9 global_irq 9 low level)
[    0.000000] UsingACPI (MADT) for SMP configuration information
[    0.000000] smpboot: Allowing 2 CPUs, 0 hotplug CPUs
[   .000000] PM: Registered nosave memory: [mem 0x00000000-0x00000fff]
[    0.000000] PM: Registered nosave memory: [mem 0x0009f000-0x0009ffff]
[    0.000000] PM: Registered nosave memory:[mem 0x000a0000-0x000effff]
[    0.000000] PM: Registered nosave memory: [mem 0x000f0000-0x000fffff]
[    0.000000] e820: [mem 0x40000000-0xfebfffff] available for PCI devices
[    0.000000] Booting paravirtualized kernel on KVM
[    0.000000] clocksource: refined-jiffies: mask: 0xffffffff max_cycles: 0xffffffff, max_idle_ns: 7645519600211568 ns
[    0.000000] random: get_random_bytes called from start_kernel+0x99/0x4fd with crng_init=0
[    0.000000] setup_percpu: NR_CPUS:8192 nr_cpumask_bits:2 nr_cpu_ids:2 n_node_is:1
[    0.000000] percpu: Embedded 46 pages/cpu @        (ptrval) s151552 r8192 d28672 u1048576
[    0.000000] PV qspinlock hash table entries: 256 (order: 0, 4096 bytes)
[    0.000000] Built 1 zonelists, mobility grouping on.  Total pages: 257913
[    0.000000] Policy zone: DMA32
[    0.000000] Kernel command line: BOOT_IMAGE=/boot/vmlinuz-4.5.0-45-generic root=UUID=3af52e5d-5bb6-4b83-b764-17fee713af99 ro console=tty1 console=ttyS0
[    0.000000] Memory: 983076K/1048120K available (12300K kernel code, 2473K rwdata, 4252K rodata, 2408K init, 2416K bss, 65044K reserved, 0K cma-reserved)
[    0.000000] SLUB: HWalign=64, Order=0-3, MinObjects=0, CPUs=2, Nodes=1
[    0.000000] Kernel/User page tables isolation: enabled
[     0.000000] ftrace: allocating 39194 entries in 154 pages
[    0.004000] Hierarchical RCU implementation.
[    0.004000] 	RCU restricting CPUs from NR_CPUS=8192 to nr_cpu_ids=2.
[    0.004000] 	Tasks RCU enabled.
[    0.004000] RCU: Adjusting geometry for rcu_fanout_leaf=16, nr_cpu_ids=2
[    0.004000] NR_IRQS: 524544, nr_irqs: 440, preallocated irqs: 16
[    0.004000] Console: colour VGA+ 80x25
[    0.004000] onsole [tty1] enabled
[    0.004000] console [ttyS0] enabled
[    0.004000] ACPI: Core revision 20170831
[    0.004000] ACPI: 2 ACPI AML tables successfully acquired and loaded
[    0.004000] APIC: Switch to symmetric I/O mode setup
[    0.004000] x2apic enabled
[    0.004000] Switched APIC routing to physical x2apic.
[    0.008567] ..TIMER: vector=0x30 apic1=0 pin1=2 apic2=-1 pin2=-1
[    0.012004] tssc: Detected 1799.999 MHz processor
[    0.016011] Calibrating delay loop (skipped) preset value.. 3599.99 BogoMIPS (lpj=7199996)
[    0.020008] pid_max: default: 32768 minimum: 301
[    0.022073] Security Framework initialized
[    0.024004] Yama: becoming mindful.
[    0.025925] AppArmor: AppArmor initialized
[    0.029777] Dentry cache hash table entries: 131072 (order: 8, 1048576 bytes)
[    0.032082] Inode-cache hash table entries: 65536 (order: 7, 524288 bytes)
[    0.036021] Mount-cache hash table entries: 2048 (order: 2, 16384 bytes)
[    0.040010] Mountpoint-cache hash table entries: 2048 (order: 2, 16384 bytes)
[    0.044244] mce: CPU supports 0 MCE banks
[    0.048021] Last level iTLB entries: 4KB 64, 2MB 8, 4MB 8
[    0.050365] Last level dTLB entries: 4KB 64, 2MB 0, 4MB 0, 1GB 4
[    0.052006] Spectre V2 : Mitigation: Full generic retpoline
[    0.056003] Spectre V2 : Spectre v2 / SpectreRSB mitigation: Filling RSB on context switch
[    0.060006] Speculative Store Bypass: Vulnerable
[    0.064092] Freeing SMP alternatives memory: 36K
[    0.072000] smpboot: CPU0: Intel(R) Core(TM) i5-5350U CPU @ 1.80GHz (family: 0x6, model: 0x3d, stepping: 0x4)
[    0.072084] Performance Events: unsupported p6 CPU model 61 no PMU driver, software events only.
[    0.076040] Hierarchical SRCU implementation.
[    0.080264] NMI watchdog: Perf event create on CPU 0 failed with -2
[    0.083187] NMI watchdog: Perf NMI watchdog permanently disabled
[    0.084077] smp: Bringing up secondary CPUs ...
[    0.086281] x86: Booting SMP configuration:
[    0.088004] .... node  #0, CPUs:      #1
[    0.004000] kvm-clock: cpu 1, msr 0:3ff44041, secondary cpu clock
[    0.004000] mce: CPU supports 0 MCE banks
[    0.096030] smp: Brought up 1 node, 2 CPUs
[    0.100008] smpboot: Max logical packages: 1
[    0.102099] smpboot: Total of 2 processors activated (7199.99 BogoMIPS)
[    0.104143] devtmpfs: initialized
[    0.108053] x86/mm: Memory block size: 128MB
[    0.110743] evm: security.selinux
[    0.112005] evm: security.SMACK64
[    0.113296] evm: security.SMACK64EXEC
[    0.116003] evm: security.SMACK64TRANSMUTE
[    0.118280] evm: security.SMACK64MMAP
[    0.120005] evm: security.apparmor
[    0.121327] evm: security.ima
[    0.122725] evm: security.capability
[    0.124121] clocksource: jiffies: mask: 0xffffffff max_cycles: 0xffffffff, max_idle_ns: 7645041785100000 ns
[    0.128011] futex hash table entries: 512 (order: 3, 32768 bytes)
[    0.132105] pinctrl core: initialized pinctrl subsystem
[    0.140054] RTC time:  6:04:39, date: 02/18/19
[    0.142649] NET: Registered protocol family 16
[    0.144081] audit: initializing netlink subsys (disabled)
[    0.146649] audit: type=2000 audit(1550469887.018:1): state=initialized audit_enabled=0 res=1
[    0.160015] cpuidle: using governor ladder
[    0.162084] cpuidle: using governor menu
[    0.164067] ACPI: bus type PCI registered
[    0.165778] acpiphp: ACPI Hot Plug PCI Controller Driver version: 0.5
[    0.168161] PCI: Using configuration type 1 for base access
[    0.176205] HugeTLB registered 2.00 MiB page size, pre-allocated 0 pages
[    0.184182] ACPI: Added _OSI(Module Device)
[    0.188018] ACPI: Added _OSI(Processor Device)
[    0.191245] ACPI: Added _OSI(3.0 _SCP Extensions)
[    0.192005] ACPI: Added _OSI(Processor Aggregator Device)
[    0.196007] ACPI: Added _OSI(Linux-Dell-Video)
[    0.198412] ACPI: Added _OSI(Linux-Lenovo-NV-HDMI-Audio)
[    0.200010] ACPI: Added _OSI(Linux-HPI-Hybrid-Graphics)
[    0.208552] ACPI: Executed 1 blocks of module-level executable AML code
[    0.217219] ACPI: Interpreter enabled
[    0.219415] ACPI: (supports S0 S5)
[    0.220004] ACPI: Using IOAPIC for interrupt routing
[    0.224325] PCI: Using host bridge windows from ACPI; if necessary, use "pci=nocrs" and report a bug
[    0.228327] ACPI: Enabled 2 GPEs in block 00 to 07
[    0.243259] ACPI: PCI Root Bridge [PCI0] (domain 0000 [bus 00-ff])
[    0.244020] acpi PNP0A03:00: _OSC: OS supports [ASPM ClockPM Segments MSI]
[    0.248043] acpi PNP0A03:00: _OSC: not requesting OS control; OS requires [ExtendedConfig ASPM ClockPM MSI]
[    0.252015] acpi PNP0A03:00: fail to add MMCONFIG information, can't access extended PCI configuration space under this bridge.
[    0.260363] PCI host bridge to bus 0000:00
[    0.262172] pci_bus 0000:00: root bus resource [io  0x0000-0x0cf7 window]
[    0.264005] pci_bus 0000:00: root bus resource [io  0x0d00-0xffff window]
[    0.268011] pci_bus 0000:00: root bus resource [mem 0x000a0000-0x000bffff window]
[    0.272008] pci_bus 0000:00: root bus resource [mem 0x40000000-0xfdffffff window]
[    0.276011] pci_bus 0000:00: root bus resource [bus 00-ff]
[    0.284622] pci 0000:00:01.1: legacy IDE quirk: reg 0x10: [io  0x01f0-0x01f7]
[    0.288007] pci 0000:00:01.1: legacy IDE quirk: reg 0x14: [io  0x03f6]
[    0.292009] pci 0000:00:01.1: legacy IDE quirk: reg 0x18: [io  0x0170-0x0177]
[    0.296014] pci 0000:00:01.1: legacy IDE quirk: reg 0x1c: [io  0x0376]
[    0.331582] pci 0000:00:07.0: quirk: [io  0x4000-0x403f] claimed by PIIX4 ACPI
[    0.332041] pci 0000:00:07.0: quirk: [io  0x4100-0x410f] claimed by PIIX4 SMB
[    0.359512] ACPI: PCI Interrupt Link [LNKA] (IRQs 5 9 10 *11)
[    0.360487] ACPI: PCI Interrupt Link [LNKB] (IRQs 5 9 *10 11)
[    0.364365] ACPI: PCI Interrupt Link [LNKC] (IRQs 5 *9 10 11)
[    0.368847] ACPI: PCI Interrupt Link [LNKD] (IRQs 5 9 10 *11)
[    0.373030] SCSI subsystem initialized
[    0.376496] pci 0000:00:02.0: vgaarb: setting as boot VGA device
[    0.380000] pci 0000:00:02.0: vgaarb: VGA device added: decodes=io+mem,owns=io+mem,locks=none
[    0.380017] pci 0000:00:02.0: vgaarb: bridge control possible
[    0.384009] vgaarb: loaded
[    0.388073] ACPI: bus type USB registered
[    0.392060] usbcore: registered new interface driver usbfs
[    0.396033] usbcore: registered new interface driver hub
[    0.400081] usbcore: registered new device driver usb
[    0.404100] EDAC MC: Ver: 3.0.0
[    0.408572] PCI: Using ACPI for IRQ routing
[    0.412610] NetLabel: Initializing
[    0.414236] NetLabel:  domain hash size = 128
[    0.416005] NetLabel:  protocols = UNLABELED CIPSOv4 CALIPSO
[    0.420034] NetLabel:  unlabeled traffic allowed by default
[    0.424098] clocksource: Switched to clocksource kvm-clock
[    0.442108] VFS: Disk quotas dquot_6.6.0
[    0446684] VFS: Dquot-cache hash table entries: 512 (order 0, 4096 bytes)
[    0.474965] AppArmor: AppArmor Filesystem Enabled
[    0.477627] pnp: PnP ACPI init
[    0.480673] pnp: PnP ACPI: found 3 devices

[    0.498950] clocksource: acpi_pm: mask: 0xffffff max_cycles: 0xfffff, max_idle_ns: 2085701024 ns
[    0.529923] NET: Registered protocol family 2

[    0.534666] TCP established hash table entries: 8192 (order: 4, 65536 bytes)
[    0.538651] TCP bind hash table entries: 8192 (order: 5, 131072 bytes)
[    0.541943] TCP: Hash tables configured (established 8192 bind 8192)
[    0.545063] UDP hash table entries: 512 (order: 2, 16384 ytes)
[    0.577044] UDP-Lite hash table entries: 512 (order: 2, 16384 bytes)
[    0.581813] NET: Registered protocol family 1
[    0.583812] pci 0000:00:00.0: Limiting direct PCI/PCI transfers
[    0.587027] ci 0000:00:01.0: Activating ISA DMA hang workarounds
[    0.616832] pci 0000:00:02.0: Video device with shadowed ROM at [mem 0x000c0000-0x000dffff]
[    0.620770] Unpacking initramfs...

[    0.964987] Freeing initrd memory: 19508K
[    0.967924] platform rtc_cmos: registered platform RTC device (no PNP device found)
[    0.972275] Scanning for low memory corruption every 60 seconds
[    0.975263] Initialise system trusted keyrings
[    0.984356] Key type blacklist registered
[    0.999240] workingset: timestamp_bits=36 max_order=18 bucket_order=0
[    1.010242] zbud: loaded
[    1.012737] squashfs: version 4.0 (2009/01/31) Phillip Lougher
[    1.017654] fuse init (API version 7.26)
[    1.034017] Key type asymmetric registered
[    1.035844] Asymmetric key parser 'x509' registered
[    1.037856] Block layer SCSI generic (bsg) driver version 0.4 loaded (major 246)
[    1.040551] io scheduler noop registered
[    1.042060] io scheduler deadline registered
[    1.044678] io scheduler cfq registered (default)
[    1.048340] ACPI: AC Adapter [AC] (off-line)
[    1.053711] input: Power Button as /devices/LNXSYSTM:00/LNXPWRBN:00/input/input0
[    1.058551] ACPI: Power Button [PWRF]
[    1.060867] input: Sleep Button as /devices/LNXSYSTM:00/LNXSLPBN:00/input/input1
[    1.065613] ACPI: Sleep Button [SLPF]
[    1.070016] ACPI: Battery Slot [BAT0] (battery present)
[    1.072566] Serial: 8250/16550 driver, 32 ports, IRQ sharing enabled
[    1.101997] 00:02: ttyS0 at I/O 0x3f8 (irq = 4, base_baud = 115200) is a 16550A
[    1.116926] Linux agpgart interface v0.103
[    1.120842] loop: module loaded
[    1.122749] scsi host0: ata_piix
[    1.124140] scsi host1: ata_piix
[    1.125540] ata1: PATA max UDMA/33 cmd 0x1f0 ctl 0x3f6 bmdma 0xd000 irq 14
[    1.128870] ata2: PATA max UDMA/33 cmd 0x170 ctl 0x376 bmdma 0xd008 irq 15
[    1.131314] libphy: Fixed MDIO Bus: probed
[    1.133138] tun: Universal TUN/TAP device driver, 1.6
[    1.142342] PPP generic driver version 2.4.2
[    1.145804] ehci_hcd: USB 2.0 'Enhanced' Host Controller (EHCI) Driver
[    1.154815] ehci-pci: EHCI PCI platform driver
[    1.158676] ehci-platform: EHCI generic platform driver
[    1.166680] ohci_hcd: USB 1.1 'Open' Host Controller (OHCI) Driver
[    1.169481] ohci-pci: OHCI PCI platform driver
[    1.171059] ohci-platform: OHCI generic platform driver
[    1.173035] uhci_hcd: USB Universal Host Controller Interface driver
[    1.175446] i8042: PNP: PS/2 Controller [PNP0303:PS2K,PNP0f03:PS2M] at 0x60,0x64 irq 1,12
[    1.178872] serio: i8042 KBD port at 0x60,0x64 irq 1
[    1.180771] serio: i8042 AUX port at 0x60,0x64 irq 12
[    1.183172] mousedev: PS/2 mouse device common for all mice
[    1.187037] rtc_cmos rtc_cmos: rtc core: registered rtc_cmos as rtc0
[    1.190070] rtc_cmos rtc_cmos: alarms up to one day, 114 bytes nvram
[    1.190148] input: AT Translated Set 2 keyboard as /devices/platform/i8042/serio0/input/input2
[    1.195421] i2c /dev entries driver
[    1.207027] pcie_mp2_amd: AMD(R) PCI-E MP2 Communication Driver Version: 1.0
[    1.216543] device-mapper: uevent: version 1.0.3
[    1.219001] device-mapper: ioctl: 4.37.0-ioctl (2017-09-20) initialised: dm-devel@redhat.com
[    1.222006] ledtrig-cpu: registered to indicate activity on CPUs
[    1.226094] NET: Registered protocol family 10
[    1.233357] Segment Routing with IPv6
[    1.234827] NET: Registered protocol family 17
[    1.237110] Key type dns_resolver registered
[    1.239518] RAS: Correctable Errors collector initialized.
[    1.251075] sched_clock: Marking stable (1250996740, 0)->(2972129287, -1721132547)
[    1.257815] registered taskstats version 1
[    1.259853] Loading compiled-in X.509 certificates
[    1.267886] Loaded X.509 cert 'Build time autogenerated kernel key: e3b8f44ffaaceef3e3a84cfaebd8e5a9acebeaad'
[    1.280158] zswap: loaded using pool lzo/zbud
[    1.295015] Key type big_key registered
[    1.296798] Key type trusted registered
[    1.301224] Key type encrypted registered
[    1.302875] AppArmor: AppArmor sha1 policy hashing enabled
[    1.313870] ima: No TPM chip found, activating TPM-bypass! (rc=-19)
[    1.318225] ima: Allocated hash algorithm: sha1
[    1.319979] evm: HMAC attrs: 0x1
[    1.321728]   Magic number: 7:474:64
[    1.323109] rtc_cmos rtc_cmos: setting system clock to 2019-02-18 06:04:40 UTC (1550469880)
[    1.326458] BIOS EDD facility v0.16 2004-Jun-25, 0 devices found
[    1.330162] EDD information not available.
[    1.334545] Freeing unused kernel memory: 2408K
[    1.360528] Write protecting the kernel read-only data: 20480k
[    1.367306] Freeing unused kernel memory: 2008K
[    1.374634] Freeing unused kernel memory: 1892K
[    1.382618] x86/mm: Checked W+X mappings: passed, no W+X pages found.
[    2.651722] x86/mm: Checking user space page tables
[    3.647017] tsc: Refined TSC clocksource calibration: 1799.953 MHz
[    4.076901] clocksource: tsc: mask: 0xffffffffffffffff max_cycles: 0x19f1fd1e078, max_idle_ns: 440795210742 ns
Loading, please wait...[    4.084437] x86/mm: Checked W+X mappings: passed, no W+X pages found.

starting version 237
[    4.562705] e1000: Intel(R) PRO/1000 Network Driver - version 7.3.21-k8-NAPI
[    4.572191] e1000: Copyright (c) 1999-2006 Intel Corporation.
[    4.580690] Fusion MPT base driver 3.04.20
[    4.588374] Copyright (c) 1999-2008 LSI Corporation
[    4.604670] Fusion MPT SPI Host driver 3.04.20
[    4.652559] AVX2 version of gcm_enc/dec engaged.
[    4.664587] AES CTR mode by8 optimization enabled
[    4.801369] input: ImExPS/2 Generic Explorer Mouse as /devices/platform/i8042/serio1/input/input4
[    5.369153] e1000 0000:00:03.0 eth0: (PCI:33MHz:32-bit) 02:62:7a:79:f6:ca
[    5.372592] e1000 0000:00:03.0 eth0: Intel(R) PRO/1000 Network Connection
[    5.377089] mptbase: ioc0: Initiating bringup
[    5.473649] ioc0: LSI53C1030 A0: Capabilities={Initiator}
[    5.733742] scsi host2: ioc0: LSI53C1030 A0, FwRev=00000000h, Ports=1, MaxQ=256, IRQ=20
[    5.905944] scsi 2:0:0:0: Direct-Access     VBOX     HARDDISK         1.0  PQ: 0 ANSI: 5
[    5.964116] scsi target2:0:0: Beginning Domain Validation
[    5.968178] scsi target2:0:0: Domain Validation skipping write tests
[    5.971080] scsi target2:0:0: Ending Domain Validation
[    5.973781] scsi target2:0:0: asynchronous
[    5.976496] scsi 2:0:1:0: Direct-Access     VBOX     HARDDISK         1.0  PQ: 0 ANSI: 5
[    6.405793] scsi target2:0:1: Beginning Domain Validation
[    6.409785] random: fast init done
[    6.411773] scsi target2:0:1: Domain Validation skipping write tests
[    6.413958] scsi target2:0:1: Ending Domain Validation
[    6.415800] scsi target2:0:1: asynchronous
[    6.422329] random: systemd-udevd: uninitialized urandom read (16 bytes read)
[    6.424865] random: systemd-udevd: uninitialized urandom read (16 bytes read)
[    6.433568] sd 2:0:0:0: Attached scsi generic sg0 type 0
[    6.436477] sd 2:0:0:0: [sda] 20971520 512-byte logical blocks: (10.7 GB/10.0 GiB)
[    6.440321] sd 2:0:1:0: Attached scsi generic sg1 type 0
[    6.440380] e1000 0000:00:08.0 eth1: (PCI:33MHz:32-bit) 08:00:27:29:1a:05
[    6.440384] e1000 0000:00:08.0 eth1: Intel(R) PRO/1000 Network Connection
[    6.450882] random: systemd-udevd: uninitialized urandom read (16 bytes read)
[    6.452880] e1000 0000:00:08.0 enp0s8: renamed from eth1
[    6.476500] sd 2:0:0:0: [sda] Write Protect is off
[    6.478483] sd 2:0:0:0: [sda] Incomplete mode parameter data
[    6.480466] sd 2:0:0:0: [sda] Assuming drive cache: write through
[    6.482637] sd 2:0:1:0: [sdb] 20480 512-byte logical blocks: (10.5 MB/10.0 MiB)
[    6.485348] sd 2:0:1:0: [sdb] Write Protect is off
[    6.488191] sd 2:0:1:0: [sdb] Incomplete mode parameter data
[    6.490291] sd 2:0:1:0: [sdb] Assuming drive cache: write through
[    6.494620]  sda: sda1
[    6.496973] sd 2:0:0:0: [sda] Attached SCSI disk
[    6.498907] e1000 0000:00:03.0 enp0s3: renamed from eth0
[    6.511397] sd 2:0:1:0: [sdb] Attached SCSI disk
Begin: Loading essential drivers ... [    8.013360] raid6: sse2x1   gen()  9621 MB/s
[    8.065848] raid6: sse2x1   xor()  6261 MB/s
[    8.116343] raid6: sse2x2   gen() 10932 MB/s
[    8.172018] raid6: sse2x2   xor()  7034 MB/s
[    8.233103] raid6: sse2x4   gen() 13348 MB/s
[    8.285333] raid6: sse2x4   xor()  9146 MB/s
[    8.340102] raid6: avx2x1   gen() 17747 MB/s
[    8.388195] raid6: avx2x1   xor()  7874 MB/s
[    8.436208] raid6: avx2x2   gen()  8515 MB/s
[    8.484516] raid6: avx2x2   xor() 10732 MB/s
[    8.556394] raid6: avx2x4   gen() 22565 MB/s
[    8.608379] raid6: avx2x4   xor() 15778 MB/s
[    8.626994] raid6: using algorithm avx2x4 gen() 22565 MB/s
[    8.642526] raid6: .... xor() 15778 MB/s, rmw enabled
[    8.654557] raid6: using avx2x2 recovery algorithm
[    8.669430] xor: automatically using best checksumming function   avx       
[    8.685464] async_tx: api initialized (async)
done.
Begin: Running /scripts/init-premount ... done.
Begin: Mounting root file system ... Begin: Running /scripts/local-top ... done.
Begin: Running /scripts/local-premount ... [    8.751744] Btrfs loaded, crc32c=crc32c-intel
Scanning for Btrfs filesystems
done.
Warning: fsck not present, so skipping root file system
[    8.826320] EXT4-fs (sda1): mounted filesystem with ordered data mode. Opts: (null)
done.
Begin: Running /scripts/local-bottom ... done.
Begin: Running /scripts/init-bottom ... done.
[    9.288376] ip_tables: (C) 2000-2006 Netfilter Core Team
[    9.363504] systemd[1]: systemd 237 running in system mode. (+PAM +AUDIT +SELINUX +IMA +APPARMOR +SMACK +SYSVINIT +UTMP +LIBCRYPTSETUP +GCRYPT +GNUTLS +ACL +XZ +LZ4 +SECCOMP +BLKID +ELFUTILS +KMOD -IDN2 +IDN -PCRE2 default-hierarchy=hybrid)
[    9.521711] systemd[1]: Detected virtualization oracle.
[    9.531678] systemd[1]: Detected architecture x86-64.

Welcome to [1mUbuntu 18.04.1 LTS[0m!

[    9.608956] systemd[1]: Set hostname to <ubuntu-bionic>.
[   10.313561] systemd[1]: Started Forward Password Requests to Wall Directory Watch.
[[0;32m  OK  [0m] Started Forward Password Requests to Wall Directory Watch.
[   10.323182] systemd[1]: Created slice User and Session Slice.
[[0;32m  OK  [0m] Created slice User and Session Slice.
[   10.336646] systemd[1]: Reached target System Time Synchronized.
[[0;32m  OK  [0m] Reached target System Time Synchronized.
[   10.359457] systemd[1]: Set up automount Arbitrary Executable File Formats File System Automount Point.
[[0;32m  OK  [0m] Set up automount Arbitrary Executab…rmats File System Automount Point.
[   10.367188] systemd[1]: Reached target Swap.
[[0;32m  OK  [0m] Reached target Swap.
[   10.370618] systemd[1]: Created slice System Slice.
[[0;32m  OK  [0m] Created slice System Slice.
[[0;32m  OK  [0m] Listening on Journal Socket (/dev/log).
[[0;32m  OK  [0m] Listening on LVM2 poll daemon socket.
[[0;32m  OK  [0m] Listening on Journal Audit Socket.
[[0;32m  OK  [0m] Listening on Journal Socket.
         Starting Uncomplicated firewall...
         Starting Set the console keyboard layout...
[[0;32m  OK  [0m] Created slice system-serial\x2dgetty.slice.
[[0;32m  OK  [0m] Listening on LVM2 metadata daemon socket.
[[0;32m  OK  [0m] Listening on /dev/initctl Compatibility Named Pipe.
[[0;32m  OK  [0m] Listening on Network Service Netlink Socket.
         Starting Remount Root and Kernel File Systems...
         Starting Create list of required st…ce nodes for the current kernel...
[[0;32m  OK  [0m] Listening on Syslog Socket.
[   10.648458] EXT4-fs (sda1): re-mounted. Opts: (null)
         Starting Journal Service...
[[0;32m  OK  [0m] Listening on udev Control Socket.
         Mounting POSIX Message Queue File System...
         Mounting Huge Pages File System...
[[0;32m  OK  [0m] Listening on udev Kernel Socket.
         Starting udev Coldplug all Devices...
         Mounting Kernel Debug File System...
[[0;32m  OK  [0m] Reached target User and Group Name Lookups.
[[0;32m  OK  [0m] Reached target Slices.
[[0;32m  OK  [0m] Listening on Device-mapper event daemon FIFOs.
         Starting Monitoring of LVM2 mirrors…ng dmeventd or progress polling...
         Starting Load Kernel Modules...
[[0;32m  OK  [0m] Started Uncomplicated firewall.
[[0;32m  OK  [0m] Started Set the console keyboard layout.
[[0;32m  OK  [0m] Started Remount Root and Kernel File Systems.
[[0;32m  OK  [0m] Started Create list of required sta…vice nodes for the current kernel.
[[0;32m  OK  [0m] Mounted POSIX Message Queue File System.
[[0;32m  OK  [0m] Mounted Huge Pages File System.
[[0;32m  OK  [0m] Mounted Kernel Debug File System.
         Starting Create Static Device Nodes in /dev...
         Starting Initial cloud-init job (pre-networking)...
         Starting Load/Save Random Seed...
[[0;32m  OK  [0m] Started Journal Service.
[[0;32m  OK  [0m] Started LVM2 metadata daemon.
         Starting Flush Journal to Persistent Storage...
[[0;32m  OK  [0m] Started udev Coldplug all Devices.
[   11.044845] Loading iSCSI transport class v2.0-870.
[   11.059393] iscsi: registered transport (tcp)
[[0;32m  OK  [0m] Started Load/Save Random Seed.
[   11.092954] systemd-journald[401]: Received request to flush runtime journal from PID 1
[[0;32m  OK  [0m] Started Create Static Device Nodes in /dev.
         Starting udev Kernel Device Manager...
[[0;32m  OK  [0m] Started Monitoring of LVM2 mirrors,…sing dmeventd or progress polling.
[[0;32m  OK  [0m] Reached target Local File Systems (Pre).
[[0;32m  OK  [0m] Reached target Local File Systems.
         Starting AppArmor initialization...
         Starting Set console font and keymap...
         Starting Tell Plymouth To Write Out Runtime Data...
         Starting ebtable[   11.356692] random: crng init done
s ruleset management...
[   11.359405] random: 7 urandom warning(s) missed due to ratelimiting
[[0;32m  OK  [0m] Started Set console font and keymap.
[[0;32m  OK  [0m] Started Tell Plymouth To Write Out Runtime Data.
[   11.538355] iscsi: registered transport (iser)
[[0;32m  OK  [0m] Started Load Kernel Modules.
         Mounting Kernel Configuration File System...
         Mounting FUSE Control File System...
         Starting Apply Kernel Variables...
[[0;32m  OK  [0m] Mounted Kernel Configuration File System.
[[0;32m  OK  [0m] Mounted FUSE Control File System.
[[0;32m  OK  [0m] Started udev Kernel Device Manager.
[[0;32m  OK  [0m] Started Apply Kernel Variables.
[[0;32m  OK  [0m] Started Dispatch Password Requests to Console Directory Watch.
[[0;32m  OK  [0m] Reached target Local Encrypted Volumes.
[[0;32m  OK  [0m] Started ebtables ruleset management.
[[0;32m  OK  [0m] Found device /dev/ttyS0.
[[0;32m  OK  [0m] Started Flush Journal to Persistent Storage.
         Starting Create Volatile Files and Directories...
[[0;32m  OK  [0m] Started Create Volatile Files and Directories.
         Starting Update UTMP about System Boot/Shutdown...
[[0;32m  OK  [0m] Started Update UTMP about System Boot/Shutdown.
[[0;32m  OK  [0m] Listening on Load/Save RF Kill Switch Status /dev/rfkill Watch.
[[0;32m  OK  [0m] Started AppArmor initialization.
[   15.413767] cloud-init[409]: Cloud-init v. 18.4-0ubuntu1~18.04.1 running 'init-local' at Mon, 18 Feb 2019 06:04:54 +0000. Up 15.13 seconds.
[[0;32m  OK  [0m] Started Initial cloud-init job (pre-networking).
[[0;32m  OK  [0m] Reached target Network (Pre).
         Starting Network Service...
[[0;32m  OK  [0m] Started Network Service.
         Starting Network Name Resolution...
         Starting Wait for Network to be Configured...
[[0;32m  OK  [0m] Started Network Name Resolution.
[[0;32m  OK  [0m] Reached target Host and Network Name Lookups.
[[0;32m  OK  [0m] Reached target Network.
[[0;32m  OK  [0m] Started Wait for Network to be Configured.
         Starting Initial cloud-init job (metadata service crawler)...
[   17.762810] cloud-init[708]: Cloud-init v. 18.4-0ubuntu1~18.04.1 running 'init' at Mon, 18 Feb 2019 06:04:56 +0000. Up 17.59 seconds.
[   17.773615] cloud-init[708]: ci-info: ++++++++++++++++++++++++++++++++++++++Net device info+++++++++++++++++++++++++++++++++++++++
[   17.805821] cloud-init[708]: ci-info: +--------+------+-----------------------------+---------------+--------+-------------------+
[   17.821969] cloud-init[708]: ci-info: | Device |  Up  |           Address           |      Mask     | Scope  |     Hw-Address    |
[   17.841828] cloud-init[708]: ci-info: +--------+------+-----------------------------+---------------+--------+-------------------+
[   17.880433] cloud-init[708]: ci-info: | enp0s3 | True |          10.0.2.15          | 255.255.255.0 | global | 02:62:7a:79:f6:ca |
[   17.900821] cloud-init[708]: ci-info: | enp0s3 | True |  fe80::62:7aff:fe79:f6ca/64 |       .       |  link  | 02:62:7a:79:f6:ca |
[   17.917151] cloud-init[708]: ci-info: | enp0s8 | True |        192.168.33.10        | 255.255.255.0 | global | 08:00:27:29:1a:05 |
[   17.944858] cloud-init[708]: ci-info: | enp0s8 | True | fe80::a00:27ff:fe29:1a05/64 |       .       |  link  | 08:00:27:29:1a:05 |
[   17.957100] cloud-init[708]: ci-info: |   lo   | True |          127.0.0.1          |   255.0.0.0   |  host  |         .         |
[   17.965767] cloud-init[708]: ci-info: |   lo   | True |           ::1/128           |       .       |  host  |         .         |
[   17.986449] cloud-init[708]: ci-info: +--------+------+-----------------------------+---------------+--------+-------------------+
[   17.994454] cloud-init[708]: ci-info: +++++++++++++++++++++++++++++Route IPv4 info+++++++++++++++++++++++++++++
[   18.007651] cloud-init[708]: ci-info: +-------+--------------+----------+-----------------+-----------+-------+
[   18.019149] cloud-init[708]: ci-info: | Route | Destination  | Gateway  |     Genmask     | Interface | Flags |
[   18.036601] cloud-init[708]: ci-info: +-------+--------------+----------+-----------------+-----------+-------+
[   18.085233] cloud-init[708]: ci-info: |   0   |   0.0.0.0    | 10.0.2.2 |     0.0.0.0     |   enp0s3  |   UG  |
[   18.104406] cloud-init[708]: ci-info: |   1   |   10.0.2.0   | 0.0.0.0  |  255.255.255.0  |   enp0s3  |   U   |
[   18.113835] cloud-init[708]: ci-info: |   2   |   10.0.2.2   | 0.0.0.0  | 255.255.255.255 |   enp0s3  |   UH  |
[   18.150888] cloud-init[708]: ci-info: |   3   | 192.168.33.0 | 0.0.0.0  |  255.255.255.0  |   enp0s8  |   U   |
[   18.165333] cloud-init[708]: ci-info: +-------+--------------+----------+-----------------+-----------+-------+
[   18.194904] cloud-init[708]: ci-info: +++++++++++++++++++Route IPv6 info+++++++++++++++++++
[   18.210126] cloud-init[708]: ci-info: +-------+-------------+---------+-----------+-------+
[   18.215759] cloud-init[708]: ci-info: | Route | Destination | Gateway | Interface | Flags |
[   18.220029] cloud-init[708]: ci-info: +-------+-------------+---------+-----------+-------+
[   18.229251] cloud-init[708]: ci-info: |   1   |  fe80::/64  |    ::   |   enp0s8  |   U   |
[   18.238062] cloud-init[708]: ci-info: |   2   |  fe80::/64  |    ::   |   enp0s3  |   U   |
[   18.249209] cloud-init[708]: ci-info: |   4   |    local    |    ::   |   enp0s3  |   U   |
[   18.252870] cloud-init[708]: ci-info: |   5   |    local    |    ::   |   enp0s8  |   U   |
[   18.270445] cloud-init[708]: ci-info: |   6   |   ff00::/8  |    ::   |   enp0s8  |   U   |
[   18.285681] cloud-init[708]: ci-info: |   7   |   ff00::/8  |    ::   |   enp0s3  |   U   |
[   18.294044] cloud-init[708]: ci-info: +-------+-------------+---------+-----------+-------+
[[0;32m  OK  [0m] Started Initial cloud-init job (metadata service crawler).
[[0;32m  OK  [0m] Reached target System Initialization.
[[0;32m  OK  [0m] Started ACPI Events Check.
[[0;32m  OK  [0m] Listening on Open-iSCSI iscsid Socket.
[[0;32m  OK  [0m] Started Discard unused blocks once a week.
[[0;32m  OK  [0m] Listening on UUID daemon activation socket.
[[0;32m  OK  [0m] Reached target Paths.
[[0;32m  OK  [0m] Started Message of the Day.
         Starting LXD - unix socket.
[[0;32m  OK  [0m] Started Daily Cleanup of Temporary Directories.
[[0;32m  OK  [0m] Started Daily apt download activities.
[[0;32m  OK  [0m] Started Daily apt upgrade and clean activities.
[[0;32m  OK  [0m] Listening on D-Bus System Message Bus Socket.
[[0;32m  OK  [0m] Listening on ACPID Listen Socket.
         Starting Socket activation for snappy daemon.
[[0;32m  OK  [0m] Reached target Timers.
[[0;32m  OK  [0m] Reached target Cloud-config availability.
[[0;32m  OK  [0m] Reached target Network is Online.
         Starting Availability of block devices...
[[0;32m  OK  [0m] Reached target Remote File Systems (Pre).
[[0;32m  OK  [0m] Reached target Remote File Systems.
[[0;32m  OK  [0m] Listening on LXD - unix socket.
[[0;32m  OK  [0m] Listening on Socket activation for snappy daemon.
[[0;32m  OK  [0m] Started Availability of block devices.
[[0;32m  OK  [0m] Reached target Sockets.
[[0;32m  OK  [0m] Reached target Basic System.
         Starting LSB: automatic crash report generation...
         Starting Discard unused blocks...
         Starting System Logging Service...
         Starting OpenBSD Secure Shell server...
[[0;32m  OK  [0m] Started D-Bus System Message Bus.
         Starting Snappy daemon...
[[0;32m  OK  [0m] Started irqbalance daemon.
         Starting Login Service...
[[0;32m  OK  [0m] Started FUSE filesystem for LXC.
[[0;32m  OK  [0m] Started Regular background program processing daemon.
[[0;32m  OK  [0m] Started Deferred execution scheduler.
         Starting LSB: Record successful boot for GRUB...
         Starting Accounts Service...
         Starting Permit User Sessions...
         Starting Dispatcher daemon for systemd-networkd...
         Starting vboxadd.service...
         Starting LXD - container startup/shutdown...
[[0;32m  OK  [0m] Started System Logging Service.
[[0;32m  OK  [0m] Started Discard unused blocks.
[[0;32m  OK  [0m] Started Permit User Sessions.
[[0;32m  OK  [0m] Started Login Service.
[[0;32m  OK  [0m] Started OpenBSD Secure Shell server.
         Starting Authorization Manager...
[[0;32m  OK  [0m] Started Unattended Upgrades Shutdown.
         Starting Terminate Plymouth Boot Screen...
         Starting Hold until boot process finishes up...
[[0;32m  OK  [0m] Started Hold until boot process finishes up.
         Starting Set console scheme...
[[0;32m  OK  [0m] Started Serial Getty on ttyS0.
[[0;32m  OK  [0m] Started Terminate Plymouth Boot Screen.
[[0;32m  OK  [0m] Started Snappy daemon.
         Starting Wait until snapd is fully seeded...
[[0;32m  OK  [0m] Started Wait until snapd is fully seeded.
         Starting Apply the settings specified in cloud-config...
[[0;32m  OK  [0m] Started LSB: Record successful boot for GRUB.
[[0;32m  OK  [0m] Started Set console scheme.
[[0;32m  OK  [0m] Created slice system-getty.slice.
[[0;32m  OK  [0m] Started Getty on tty1.
[[0;32m  OK  [0m] Reached target Login Prompts.
[[0;32m  OK  [0m] Started LSB: automatic crash report generation.
[[0;32m  OK  [0m] Started Authorization Manager.
[[0;32m  OK  [0m] Started Accounts Service.
[[0;32m  OK  [0m] Started LXD - container startup/shutdown.
[[0;32m  OK  [0m] Started Dispatcher daemon for systemd-networkd.
[   20.615458] cloud-init[1058]: Cloud-init v. 18.4-0ubuntu1~18.04.1 running 'modules:config' at Mon, 18 Feb 2019 06:04:59 +0000. Up 20.43 seconds.
[[0;32m  OK  [0m] Started vboxadd.service.
         Starting vboxadd-service.service...
[[0;32m  OK  [0m] Started Apply the settings specified in cloud-config.
[[0;32m  OK  [0m] Started vboxadd-service.service.
[[0;32m  OK  [0m] Reached target Multi-User System.
         Starting Execute cloud user/final scripts...
[[0;32m  OK  [0m] Reached target Graphical Interface.
         Starting Update UTMP about System Runlevel Changes...
[[0;32m  OK  [0m] Started Update UTMP about System Runlevel Changes.
[   21.400361] cloud-init[1243]: Cloud-init v. 18.4-0ubuntu1~18.04.1 running 'modules:final' at Mon, 18 Feb 2019 06:05:00 +0000. Up 21.25 seconds.
[[0;32m  OK  [0m] Started Execute cloud user/final scripts.
[[0;32m  OK  [0m] Reached target Cloud-init target.
[   21.583594] cloud-init[1243]: Cloud-init v. 18.4-0ubuntu1~18.04.1 finished at Mon, 18 Feb 2019 06:05:00 +0000. Datasource DataSourceNoCloud [seed=/dev/sdb][dsmode=net].  Up 21.39 seconds

Ubuntu 18.04.1 LTS ubuntu-bionic ttyS0

ubuntu-bionic login: 